<?xml version="1.0" encoding="UTF-8"?>
<testng-results skipped="0" failed="0" total="1" passed="1">
  <reporter-output>
  </reporter-output>
  <suite name="Default suite" duration-ms="36043" started-at="2014-02-09T21:36:57Z" finished-at="2014-02-09T21:37:33Z">
    <groups>
    </groups>
    <test name="Default test" duration-ms="36043" started-at="2014-02-09T21:36:57Z" finished-at="2014-02-09T21:37:33Z">
      <class name="Login">
        <test-method status="PASS" signature="loginAction()[pri:0, instance:Login@11b0f38a]" name="loginAction" duration-ms="36019" started-at="2014-02-09T22:36:57Z" finished-at="2014-02-09T22:37:33Z">
          <reporter-output>
          </reporter-output>
        </test-method> <!-- loginAction -->
      </class> <!-- Login -->
    </test> <!-- Default test -->
  </suite> <!-- Default suite -->
</testng-results>
